Using pre-set license
Built from '2022.3/release' branch; Version is '2022.3.18f1 (d29bea25151d) revision 13802474'; Using compiler version '192829333'; Build Type 'Release'
OS: 'Windows 11  (10.0.22631) 64bit Core' Language: 'en' Physical Memory: 65462 MB
BatchMode: 1, IsHumanControllingUs: 0, StartBugReporterOnCrash: 0, Is64bit: 1, IsPro: 1

COMMAND LINE ARGUMENTS:
C:\Program Files\Unity\Hub\Editor\2022.3.18f1\Editor\Unity.exe
-adb2
-batchMode
-noUpm
-name
AssetImportWorker0
-projectPath
C:/Users/thelm/Documents/GitHub/Platformer_part-2/My project
-logFile
Logs/AssetImportWorker0.log
-srvPort
52562
Successfully changed project path to: C:/Users/thelm/Documents/GitHub/Platformer_part-2/My project
C:/Users/thelm/Documents/GitHub/Platformer_part-2/My project
[UnityMemory] Configuration Parameters - Can be set up in boot.config
    "memorysetup-bucket-allocator-granularity=16"
    "memorysetup-bucket-allocator-bucket-count=8"
    "memorysetup-bucket-allocator-block-size=33554432"
    "memorysetup-bucket-allocator-block-count=8"
    "memorysetup-main-allocator-block-size=16777216"
    "memorysetup-thread-allocator-block-size=16777216"
    "memorysetup-gfx-main-allocator-block-size=16777216"
    "memorysetup-gfx-thread-allocator-block-size=16777216"
    "memorysetup-cache-allocator-block-size=4194304"
    "memorysetup-typetree-allocator-block-size=2097152"
    "memorysetup-profiler-bucket-allocator-granularity=16"
    "memorysetup-profiler-bucket-allocator-bucket-count=8"
    "memorysetup-profiler-bucket-allocator-block-size=33554432"
    "memorysetup-profiler-bucket-allocator-block-count=8"
    "memorysetup-profiler-allocator-block-size=16777216"
    "memorysetup-profiler-editor-allocator-block-size=1048576"
    "memorysetup-temp-allocator-size-main=16777216"
    "memorysetup-job-temp-allocator-block-size=2097152"
    "memorysetup-job-temp-allocator-block-size-background=1048576"
    "memorysetup-job-temp-allocator-reduction-small-platforms=262144"
    "memorysetup-allocator-temp-initial-block-size-main=262144"
    "memorysetup-allocator-temp-initial-block-size-worker=262144"
    "memorysetup-temp-allocator-size-background-worker=32768"
    "memorysetup-temp-allocator-size-job-worker=262144"
    "memorysetup-temp-allocator-size-preload-manager=33554432"
    "memorysetup-temp-allocator-size-nav-mesh-worker=65536"
    "memorysetup-temp-allocator-size-audio-worker=65536"
    "memorysetup-temp-allocator-size-cloud-worker=32768"
    "memorysetup-temp-allocator-size-gi-baking-worker=262144"
    "memorysetup-temp-allocator-size-gfx=262144"
Player connection [23448] Host "[IP] 10.9.145.56 [Port] 0 [Flags] 2 [Guid] 47313270 [EditorId] 47313270 [Version] 1048832 [Id] WindowsEditor(7,DreamMachine) [Debug] 1 [PackageName] WindowsEditor [ProjectName] Editor" joined multi-casting on [225.0.0.222:54997]...

Player connection [23448] Host "[IP] 10.9.145.56 [Port] 0 [Flags] 2 [Guid] 47313270 [EditorId] 47313270 [Version] 1048832 [Id] WindowsEditor(7,DreamMachine) [Debug] 1 [PackageName] WindowsEditor [ProjectName] Editor" joined alternative multi-casting on [225.0.0.222:34997]...

[Physics::Module] Initialized MultithreadedJobDispatcher with 15 workers.
Refreshing native plugins compatible for Editor in 7.62 ms, found 3 plugins.
Preloading 0 native plugins for Editor in 0.00 ms.
Initialize engine version: 2022.3.18f1 (d29bea25151d)
[Subsystems] Discovering subsystems at path C:/Program Files/Unity/Hub/Editor/2022.3.18f1/Editor/Data/Resources/UnitySubsystems
[Subsystems] Discovering subsystems at path C:/Users/thelm/Documents/GitHub/Platformer_part-2/My project/Assets
GfxDevice: creating device client; threaded=0; jobified=0
Direct3D:
    Version:  Direct3D 11.0 [level 11.1]
    Renderer: NVIDIA GeForce RTX 3070 Ti (ID=0x2482)
    Vendor:   NVIDIA
    VRAM:     8018 MB
    Driver:   31.0.15.5161
Initialize mono
Mono path[0] = 'C:/Program Files/Unity/Hub/Editor/2022.3.18f1/Editor/Data/Managed'
Mono path[1] = 'C:/Program Files/Unity/Hub/Editor/2022.3.18f1/Editor/Data/MonoBleedingEdge/lib/mono/unityjit-win32'
Mono config path = 'C:/Program Files/Unity/Hub/Editor/2022.3.18f1/Editor/Data/MonoBleedingEdge/etc'
Using monoOptions --debugger-agent=transport=dt_socket,embedding=1,server=y,suspend=n,address=127.0.0.1:56836
Begin MonoManager ReloadAssembly
Registering precompiled unity dll's ...
Register platform support module: C:/Program Files/Unity/Hub/Editor/2022.3.18f1/Editor/Data/PlaybackEngines/WebGLSupport/UnityEditor.WebGL.Extensions.dll
Register platform support module: C:/Program Files/Unity/Hub/Editor/2022.3.18f1/Editor/Data/PlaybackEngines/WindowsStandaloneSupport/UnityEditor.WindowsStandalone.Extensions.dll
Registered in 0.009090 seconds.
- Loaded All Assemblies, in  0.293 seconds
Native extension for WindowsStandalone target not found
Native extension for WebGL target not found
Mono: successfully reloaded assembly
- Finished resetting the current domain, in  0.221 seconds
Domain Reload Profiling: 512ms
	BeginReloadAssembly (88ms)
		ExecutionOrderSort (0ms)
		DisableScriptedObjects (0ms)
		BackupInstance (0ms)
		ReleaseScriptingObjects (0ms)
		CreateAndSetChildDomain (1ms)
	RebuildCommonClasses (26ms)
	RebuildNativeTypeToScriptingClass (9ms)
	initialDomainReloadingComplete (53ms)
	LoadAllAssembliesAndSetupDomain (115ms)
		LoadAssemblies (86ms)
		RebuildTransferFunctionScriptingTraits (0ms)
		AnalyzeDomain (113ms)
			TypeCache.Refresh (112ms)
				TypeCache.ScanAssembly (101ms)
			ScanForSourceGeneratedMonoScriptInfo (0ms)
			ResolveRequiredComponents (0ms)
	FinalizeReload (221ms)
		ReleaseScriptCaches (0ms)
		RebuildScriptCaches (0ms)
		SetupLoadedEditorAssemblies (174ms)
			LogAssemblyErrors (0ms)
			InitializePlatformSupportModulesInManaged (9ms)
			SetLoadedEditorAssemblies (4ms)
			RefreshPlugins (0ms)
			BeforeProcessingInitializeOnLoad (2ms)
			ProcessInitializeOnLoadAttributes (120ms)
			ProcessInitializeOnLoadMethodAttributes (40ms)
			AfterProcessingInitializeOnLoad (0ms)
			EditorAssembliesLoaded (0ms)
		ExecutionOrderSort2 (0ms)
		AwakeInstancesAfterBackupRestoration (0ms)
========================================================================
Worker process is ready to serve import requests
Begin MonoManager ReloadAssembly
- Loaded All Assemblies, in  0.507 seconds
Refreshing native plugins compatible for Editor in 3.46 ms, found 3 plugins.
Native extension for WindowsStandalone target not found
Native extension for WebGL target not found
Package Manager log level set to [2]
[Package Manager] Server::EnsureServerProcessIsRunning -- launch failed, reason: Unity was launched with the -noUpm command-line argument
[Package Manager] UpmClient::Send -- Unable to send message (not connected to UPM process).
[Package Manager] Cannot connect to Unity Package Manager local server
Mono: successfully reloaded assembly
- Finished resetting the current domain, in  0.473 seconds
Domain Reload Profiling: 978ms
	BeginReloadAssembly (129ms)
		ExecutionOrderSort (0ms)
		DisableScriptedObjects (6ms)
		BackupInstance (0ms)
		ReleaseScriptingObjects (0ms)
		CreateAndSetChildDomain (20ms)
	RebuildCommonClasses (26ms)
	RebuildNativeTypeToScriptingClass (10ms)
	initialDomainReloadingComplete (38ms)
	LoadAllAssembliesAndSetupDomain (302ms)
		LoadAssemblies (238ms)
		RebuildTransferFunctionScriptingTraits (0ms)
		AnalyzeDomain (137ms)
			TypeCache.Refresh (121ms)
				TypeCache.ScanAssembly (110ms)
			ScanForSourceGeneratedMonoScriptInfo (12ms)
			ResolveRequiredComponents (3ms)
	FinalizeReload (473ms)
		ReleaseScriptCaches (0ms)
		RebuildScriptCaches (0ms)
		SetupLoadedEditorAssemblies (351ms)
			LogAssemblyErrors (0ms)
			InitializePlatformSupportModulesInManaged (7ms)
			SetLoadedEditorAssemblies (3ms)
			RefreshPlugins (0ms)
			BeforeProcessingInitializeOnLoad (55ms)
			ProcessInitializeOnLoadAttributes (264ms)
			ProcessInitializeOnLoadMethodAttributes (15ms)
			AfterProcessingInitializeOnLoad (7ms)
			EditorAssembliesLoaded (0ms)
		ExecutionOrderSort2 (0ms)
		AwakeInstancesAfterBackupRestoration (7ms)
Launched and connected shader compiler UnityShaderCompiler.exe after 0.07 seconds
Refreshing native plugins compatible for Editor in 4.05 ms, found 3 plugins.
Preloading 0 native plugins for Editor in 0.00 ms.
Unloading 3101 Unused Serialized files (Serialized files now loaded: 0)
Unloading 39 unused Assets / (413.1 KB). Loaded Objects now: 3556.
Memory consumption went from 127.0 MB to 126.6 MB.
Total: 2.775700 ms (FindLiveObjects: 0.261100 ms CreateObjectMapping: 0.076000 ms MarkObjects: 2.214800 ms  DeleteObjects: 0.223100 ms)

AssetImportParameters requested are different than current active one (requested -> active):
  custom:container-demuxer-ogg: 62fdf1f143b41e24485cea50d1cbac27 -> 
  custom:video-decoder-ogg-theora: a1e56fd34408186e4bbccfd4996cb3dc -> 
  custom:framework-win-MediaFoundation: 216162199b28c13a410421893ffa2e32 -> 
  custom:CustomObjectIndexerAttribute: 6d391050e5a25f67b0a2c618074f2cd9 -> 
  custom:container-demuxer-webm: 4f35f7cbe854078d1ac9338744f61a02 -> 
  custom:container-muxer-webm: aa71ff27fc2769a1b78a27578f13a17b -> 
  custom:video-decoder-webm-vp8: 9c59270c3fd7afecdb556c50c9e8de78 -> 
  custom:SearchIndexIgnoredProperties: e643bd26f0fe6173181afceb89e7c659 -> 
  custom:AudioImporter_EditorPlatform: d09bf68614088b80899f8185d706f6e7 -> 
  custom:video-encoder-webm-vp8: eb34c28f22e8b96e1ab97ce403110664 -> 
  custom:audio-decoder-ogg-vorbis: bf7c407c2cedff20999df2af8eb42d56 -> 
  custom:audio-encoder-webm-vorbis: bf7c407c2cedff20999df2af8eb42d56 -> 
========================================================================
Received Import Request.
  Time since last request: 15618.235609 seconds.
  path: Assets/Platformer/Models/Mario/Normal Jump.anim
  artifactKey: Guid(e89c9f547f38e5642a5d1d6e0b3112a9) Importer(815301076,1909f56bfc062723c751e8b465ee728b)
Start importing Assets/Platformer/Models/Mario/Normal Jump.anim using Guid(e89c9f547f38e5642a5d1d6e0b3112a9) Importer(815301076,1909f56bfc062723c751e8b465ee728b)  -> (artifact id: 'fe1a609a969b3580241eee4da8cca71e') in 0.013095 seconds
Number of updated asset objects reloaded before import = 0
Number of asset objects unloaded after import = 1
========================================================================
Received Import Request.
  Time since last request: 70.225480 seconds.
  path: Assets/Platformer
  artifactKey: Guid(55986ad072b718640bde517ba3ff4f84) Importer(815301076,1909f56bfc062723c751e8b465ee728b)
Start importing Assets/Platformer using Guid(55986ad072b718640bde517ba3ff4f84) Importer(815301076,1909f56bfc062723c751e8b465ee728b)  -> (artifact id: '7425cf39f36efaa80498b08f028945dd') in 0.000454 seconds
Number of updated asset objects reloaded before import = 0
Number of asset objects unloaded after import = 0
========================================================================
Received Import Request.
  Time since last request: 41.936206 seconds.
  path: Assets/Platformer/Textures
  artifactKey: Guid(39b8d2c3fec26b4459ec940d4ffd38b2) Importer(815301076,1909f56bfc062723c751e8b465ee728b)
Start importing Assets/Platformer/Textures using Guid(39b8d2c3fec26b4459ec940d4ffd38b2) Importer(815301076,1909f56bfc062723c751e8b465ee728b)  -> (artifact id: '6cf4e299b3e94191b74494dfc4ad3b96') in 0.000398 seconds
Number of updated asset objects reloaded before import = 0
Number of asset objects unloaded after import = 0
========================================================================
Received Import Request.
  Time since last request: 333.009936 seconds.
  path: Assets/Platformer/Models/Mario/X Bot@Standing.fbx
  artifactKey: Guid(6aad0f1d62f036b49aab1d9f69e05f5b) Importer(815301076,1909f56bfc062723c751e8b465ee728b)
Start importing Assets/Platformer/Models/Mario/X Bot@Standing.fbx using Guid(6aad0f1d62f036b49aab1d9f69e05f5b) Importer(815301076,1909f56bfc062723c751e8b465ee728b)  -> (artifact id: '82ac171932d2023bd5763033b4fcbcbe') in 0.122936 seconds
Number of updated asset objects reloaded before import = 0
Number of asset objects unloaded after import = 145
========================================================================
Received Import Request.
  Time since last request: 0.230653 seconds.
  path: Assets/Platformer/Models/Mario/X Bot@Running.fbx
  artifactKey: Guid(f800c7e5a13bdd94aaf0121e91e54d0c) Importer(815301076,1909f56bfc062723c751e8b465ee728b)
Start importing Assets/Platformer/Models/Mario/X Bot@Running.fbx using Guid(f800c7e5a13bdd94aaf0121e91e54d0c) Importer(815301076,1909f56bfc062723c751e8b465ee728b)  -> (artifact id: 'a00072d0dd8f4a9c073e2e70b00584d2') in 0.028984 seconds
Number of updated asset objects reloaded before import = 0
Number of asset objects unloaded after import = 145
========================================================================
Received Import Request.
  Time since last request: 30.573878 seconds.
  path: Assets/Platformer/Models/Mario/X Bot@Walking.fbx
  artifactKey: Guid(e4a3e65e07743ec49920b793e84beba4) Importer(815301076,1909f56bfc062723c751e8b465ee728b)
Start importing Assets/Platformer/Models/Mario/X Bot@Walking.fbx using Guid(e4a3e65e07743ec49920b793e84beba4) Importer(815301076,1909f56bfc062723c751e8b465ee728b)  -> (artifact id: '5947dd58f6e6f577d0978d67d699e0f3') in 0.080917 seconds
Number of updated asset objects reloaded before import = 0
Number of asset objects unloaded after import = 145
========================================================================
Received Import Request.
  Time since last request: 22.820587 seconds.
  path: Assets/Platformer/Models/Mario/X Bot@Running.fbx
  artifactKey: Guid(f800c7e5a13bdd94aaf0121e91e54d0c) Importer(815301076,1909f56bfc062723c751e8b465ee728b)
Start importing Assets/Platformer/Models/Mario/X Bot@Running.fbx using Guid(f800c7e5a13bdd94aaf0121e91e54d0c) Importer(815301076,1909f56bfc062723c751e8b465ee728b)  -> (artifact id: '9a8ae3c5d0609ef09ad320630f365fc1') in 0.047124 seconds
Number of updated asset objects reloaded before import = 0
Number of asset objects unloaded after import = 147
========================================================================
Received Import Request.
  Time since last request: 6.948271 seconds.
  path: Assets/Platformer/Models/Mario/X Bot@Walking.fbx
  artifactKey: Guid(e4a3e65e07743ec49920b793e84beba4) Importer(815301076,1909f56bfc062723c751e8b465ee728b)
Start importing Assets/Platformer/Models/Mario/X Bot@Walking.fbx using Guid(e4a3e65e07743ec49920b793e84beba4) Importer(815301076,1909f56bfc062723c751e8b465ee728b)  -> (artifact id: '44ebc75e5ed9dcdf7d9c876026fa16e2') in 0.057735 seconds
Number of updated asset objects reloaded before import = 0
Number of asset objects unloaded after import = 147
========================================================================
Received Import Request.
  Time since last request: 105.867343 seconds.
  path: Assets/Platformer/Models/Mario/X Bot@Standing.fbx
  artifactKey: Guid(6aad0f1d62f036b49aab1d9f69e05f5b) Importer(815301076,1909f56bfc062723c751e8b465ee728b)
Start importing Assets/Platformer/Models/Mario/X Bot@Standing.fbx using Guid(6aad0f1d62f036b49aab1d9f69e05f5b) Importer(815301076,1909f56bfc062723c751e8b465ee728b)  -> (artifact id: '3e19bc2eddea21efd0f8a90b39f9ea1c') in 0.040318 seconds
Number of updated asset objects reloaded before import = 0
Number of asset objects unloaded after import = 147
========================================================================
Received Import Request.
  Time since last request: 134.944227 seconds.
  path: Assets/Platformer/Models/Mario/X Bot@Standing Idle.fbx
  artifactKey: Guid(e3cc288f48c14d4498ead7194394369d) Importer(815301076,1909f56bfc062723c751e8b465ee728b)
Start importing Assets/Platformer/Models/Mario/X Bot@Standing Idle.fbx using Guid(e3cc288f48c14d4498ead7194394369d) Importer(815301076,1909f56bfc062723c751e8b465ee728b)  -> (artifact id: '749f4202e4c5969f2c88a8147d583161') in 0.027498 seconds
Number of updated asset objects reloaded before import = 0
Number of asset objects unloaded after import = 145
========================================================================
Received Import Request.
  Time since last request: 152.968730 seconds.
  path: Assets/Platformer/Models/Mario/MarioFSM.controller
  artifactKey: Guid(ff51f39919e6f7e4fa9ed6952b63ce11) Importer(815301076,1909f56bfc062723c751e8b465ee728b)
Start importing Assets/Platformer/Models/Mario/MarioFSM.controller using Guid(ff51f39919e6f7e4fa9ed6952b63ce11) Importer(815301076,1909f56bfc062723c751e8b465ee728b)  -> (artifact id: '4b3f243160193ec67e2c02c22688a6b4') in 0.002137 seconds
Number of updated asset objects reloaded before import = 0
Number of asset objects unloaded after import = 1
========================================================================
Received Import Request.
  Time since last request: 64.811809 seconds.
  path: Assets/Platformer/Models/Mario/X Bot@Idle.fbx
  artifactKey: Guid(f7cd3b0cae8c78a41a4951c5fa1c2fbb) Importer(815301076,1909f56bfc062723c751e8b465ee728b)
Start importing Assets/Platformer/Models/Mario/X Bot@Idle.fbx using Guid(f7cd3b0cae8c78a41a4951c5fa1c2fbb) Importer(815301076,1909f56bfc062723c751e8b465ee728b)  -> (artifact id: '81a6faf8877899cd85da108299434139') in 0.050909 seconds
Number of updated asset objects reloaded before import = 0
Number of asset objects unloaded after import = 145
========================================================================
Received Import Request.
  Time since last request: 5.005496 seconds.
  path: Assets/Platformer/Models/Mario/X Bot@Idle.fbx
  artifactKey: Guid(f7cd3b0cae8c78a41a4951c5fa1c2fbb) Importer(815301076,1909f56bfc062723c751e8b465ee728b)
Start importing Assets/Platformer/Models/Mario/X Bot@Idle.fbx using Guid(f7cd3b0cae8c78a41a4951c5fa1c2fbb) Importer(815301076,1909f56bfc062723c751e8b465ee728b)  -> (artifact id: '8234ad9eafa228da0480bac66f8b903d') in 0.165131 seconds
Number of updated asset objects reloaded before import = 0
Number of asset objects unloaded after import = 147
========================================================================
Received Prepare
Begin MonoManager ReloadAssembly
- Loaded All Assemblies, in  0.338 seconds
Refreshing native plugins compatible for Editor in 3.05 ms, found 3 plugins.
Native extension for WindowsStandalone target not found
Native extension for WebGL target not found
[Package Manager] Server::EnsureServerProcessIsRunning -- launch failed, reason: Unity was launched with the -noUpm command-line argument
[Package Manager] UpmClient::Send -- Unable to send message (not connected to UPM process).
[Package Manager] Cannot connect to Unity Package Manager local server
Mono: successfully reloaded assembly
- Finished resetting the current domain, in  0.732 seconds
Domain Reload Profiling: 1068ms
	BeginReloadAssembly (125ms)
		ExecutionOrderSort (0ms)
		DisableScriptedObjects (3ms)
		BackupInstance (0ms)
		ReleaseScriptingObjects (0ms)
		CreateAndSetChildDomain (29ms)
	RebuildCommonClasses (25ms)
	RebuildNativeTypeToScriptingClass (8ms)
	initialDomainReloadingComplete (24ms)
	LoadAllAssembliesAndSetupDomain (154ms)
		LoadAssemblies (211ms)
		RebuildTransferFunctionScriptingTraits (0ms)
		AnalyzeDomain (9ms)
			TypeCache.Refresh (4ms)
				TypeCache.ScanAssembly (0ms)
			ScanForSourceGeneratedMonoScriptInfo (0ms)
			ResolveRequiredComponents (3ms)
	FinalizeReload (732ms)
		ReleaseScriptCaches (0ms)
		RebuildScriptCaches (0ms)
		SetupLoadedEditorAssemblies (315ms)
			LogAssemblyErrors (0ms)
			InitializePlatformSupportModulesInManaged (7ms)
			SetLoadedEditorAssemblies (4ms)
			RefreshPlugins (0ms)
			BeforeProcessingInitializeOnLoad (62ms)
			ProcessInitializeOnLoadAttributes (221ms)
			ProcessInitializeOnLoadMethodAttributes (15ms)
			AfterProcessingInitializeOnLoad (6ms)
			EditorAssembliesLoaded (0ms)
		ExecutionOrderSort2 (0ms)
		AwakeInstancesAfterBackupRestoration (6ms)
Refreshing native plugins compatible for Editor in 3.16 ms, found 3 plugins.
Preloading 0 native plugins for Editor in 0.00 ms.
Unloading 3087 Unused Serialized files (Serialized files now loaded: 0)
Unloading 30 unused Assets / (377.3 KB). Loaded Objects now: 3604.
Memory consumption went from 132.7 MB to 132.4 MB.
Total: 2.582200 ms (FindLiveObjects: 0.220300 ms CreateObjectMapping: 0.074800 ms MarkObjects: 2.093600 ms  DeleteObjects: 0.192600 ms)

Prepare: number of updated asset objects reloaded= 0
AssetImportParameters requested are different than current active one (requested -> active):
  custom:container-demuxer-ogg: 62fdf1f143b41e24485cea50d1cbac27 -> 
  custom:video-decoder-ogg-theora: a1e56fd34408186e4bbccfd4996cb3dc -> 
  custom:framework-win-MediaFoundation: 216162199b28c13a410421893ffa2e32 -> 
  custom:CustomObjectIndexerAttribute: 6d391050e5a25f67b0a2c618074f2cd9 -> 
  custom:container-demuxer-webm: 4f35f7cbe854078d1ac9338744f61a02 -> 
  custom:container-muxer-webm: aa71ff27fc2769a1b78a27578f13a17b -> 
  custom:video-decoder-webm-vp8: 9c59270c3fd7afecdb556c50c9e8de78 -> 
  custom:SearchIndexIgnoredProperties: e643bd26f0fe6173181afceb89e7c659 -> 
  custom:AudioImporter_EditorPlatform: d09bf68614088b80899f8185d706f6e7 -> 
  custom:video-encoder-webm-vp8: eb34c28f22e8b96e1ab97ce403110664 -> 
  custom:audio-decoder-ogg-vorbis: bf7c407c2cedff20999df2af8eb42d56 -> 
  custom:audio-encoder-webm-vorbis: bf7c407c2cedff20999df2af8eb42d56 -> 
========================================================================
Received Prepare
Begin MonoManager ReloadAssembly
- Loaded All Assemblies, in  0.350 seconds
Refreshing native plugins compatible for Editor in 3.11 ms, found 3 plugins.
Native extension for WindowsStandalone target not found
Native extension for WebGL target not found
[Package Manager] Server::EnsureServerProcessIsRunning -- launch failed, reason: Unity was launched with the -noUpm command-line argument
[Package Manager] UpmClient::Send -- Unable to send message (not connected to UPM process).
[Package Manager] Cannot connect to Unity Package Manager local server
Mono: successfully reloaded assembly
- Finished resetting the current domain, in  0.752 seconds
Domain Reload Profiling: 1099ms
	BeginReloadAssembly (125ms)
		ExecutionOrderSort (0ms)
		DisableScriptedObjects (4ms)
		BackupInstance (0ms)
		ReleaseScriptingObjects (0ms)
		CreateAndSetChildDomain (26ms)
	RebuildCommonClasses (25ms)
	RebuildNativeTypeToScriptingClass (8ms)
	initialDomainReloadingComplete (24ms)
	LoadAllAssembliesAndSetupDomain (165ms)
		LoadAssemblies (223ms)
		RebuildTransferFunctionScriptingTraits (0ms)
		AnalyzeDomain (9ms)
			TypeCache.Refresh (5ms)
				TypeCache.ScanAssembly (0ms)
			ScanForSourceGeneratedMonoScriptInfo (0ms)
			ResolveRequiredComponents (3ms)
	FinalizeReload (752ms)
		ReleaseScriptCaches (0ms)
		RebuildScriptCaches (0ms)
		SetupLoadedEditorAssemblies (317ms)
			LogAssemblyErrors (0ms)
			InitializePlatformSupportModulesInManaged (6ms)
			SetLoadedEditorAssemblies (4ms)
			RefreshPlugins (0ms)
			BeforeProcessingInitializeOnLoad (54ms)
			ProcessInitializeOnLoadAttributes (232ms)
			ProcessInitializeOnLoadMethodAttributes (15ms)
			AfterProcessingInitializeOnLoad (7ms)
			EditorAssembliesLoaded (0ms)
		ExecutionOrderSort2 (0ms)
		AwakeInstancesAfterBackupRestoration (7ms)
Refreshing native plugins compatible for Editor in 3.32 ms, found 3 plugins.
Preloading 0 native plugins for Editor in 0.00 ms.
Unloading 3088 Unused Serialized files (Serialized files now loaded: 0)
Unloading 30 unused Assets / (377.2 KB). Loaded Objects now: 3607.
Memory consumption went from 134.9 MB to 134.5 MB.
Total: 2.634100 ms (FindLiveObjects: 0.236600 ms CreateObjectMapping: 0.074600 ms MarkObjects: 2.093700 ms  DeleteObjects: 0.228300 ms)

Prepare: number of updated asset objects reloaded= 0
AssetImportParameters requested are different than current active one (requested -> active):
  custom:container-demuxer-ogg: 62fdf1f143b41e24485cea50d1cbac27 -> 
  custom:video-decoder-ogg-theora: a1e56fd34408186e4bbccfd4996cb3dc -> 
  custom:framework-win-MediaFoundation: 216162199b28c13a410421893ffa2e32 -> 
  custom:CustomObjectIndexerAttribute: 6d391050e5a25f67b0a2c618074f2cd9 -> 
  custom:container-demuxer-webm: 4f35f7cbe854078d1ac9338744f61a02 -> 
  custom:container-muxer-webm: aa71ff27fc2769a1b78a27578f13a17b -> 
  custom:video-decoder-webm-vp8: 9c59270c3fd7afecdb556c50c9e8de78 -> 
  custom:SearchIndexIgnoredProperties: e643bd26f0fe6173181afceb89e7c659 -> 
  custom:AudioImporter_EditorPlatform: d09bf68614088b80899f8185d706f6e7 -> 
  custom:video-encoder-webm-vp8: eb34c28f22e8b96e1ab97ce403110664 -> 
  custom:audio-decoder-ogg-vorbis: bf7c407c2cedff20999df2af8eb42d56 -> 
  custom:audio-encoder-webm-vorbis: bf7c407c2cedff20999df2af8eb42d56 -> 
========================================================================
Received Prepare
Begin MonoManager ReloadAssembly
- Loaded All Assemblies, in  0.339 seconds
Refreshing native plugins compatible for Editor in 3.19 ms, found 3 plugins.
Native extension for WindowsStandalone target not found
Native extension for WebGL target not found
[Package Manager] Server::EnsureServerProcessIsRunning -- launch failed, reason: Unity was launched with the -noUpm command-line argument
[Package Manager] UpmClient::Send -- Unable to send message (not connected to UPM process).
[Package Manager] Cannot connect to Unity Package Manager local server
Mono: successfully reloaded assembly
- Finished resetting the current domain, in  0.733 seconds
Domain Reload Profiling: 1071ms
	BeginReloadAssembly (129ms)
		ExecutionOrderSort (0ms)
		DisableScriptedObjects (4ms)
		BackupInstance (0ms)
		ReleaseScriptingObjects (0ms)
		CreateAndSetChildDomain (29ms)
	RebuildCommonClasses (24ms)
	RebuildNativeTypeToScriptingClass (8ms)
	initialDomainReloadingComplete (23ms)
	LoadAllAssembliesAndSetupDomain (153ms)
		LoadAssemblies (207ms)
		RebuildTransferFunctionScriptingTraits (0ms)
		AnalyzeDomain (9ms)
			TypeCache.Refresh (5ms)
				TypeCache.ScanAssembly (0ms)
			ScanForSourceGeneratedMonoScriptInfo (0ms)
			ResolveRequiredComponents (3ms)
	FinalizeReload (734ms)
		ReleaseScriptCaches (0ms)
		RebuildScriptCaches (0ms)
		SetupLoadedEditorAssemblies (317ms)
			LogAssemblyErrors (0ms)
			InitializePlatformSupportModulesInManaged (7ms)
			SetLoadedEditorAssemblies (4ms)
			RefreshPlugins (0ms)
			BeforeProcessingInitializeOnLoad (53ms)
			ProcessInitializeOnLoadAttributes (231ms)
			ProcessInitializeOnLoadMethodAttributes (16ms)
			AfterProcessingInitializeOnLoad (7ms)
			EditorAssembliesLoaded (0ms)
		ExecutionOrderSort2 (0ms)
		AwakeInstancesAfterBackupRestoration (6ms)
Refreshing native plugins compatible for Editor in 3.09 ms, found 3 plugins.
Preloading 0 native plugins for Editor in 0.00 ms.
Unloading 3088 Unused Serialized files (Serialized files now loaded: 0)
Unloading 30 unused Assets / (385.3 KB). Loaded Objects now: 3610.
Memory consumption went from 136.9 MB to 136.5 MB.
Total: 2.643800 ms (FindLiveObjects: 0.318700 ms CreateObjectMapping: 0.072900 ms MarkObjects: 2.026200 ms  DeleteObjects: 0.225200 ms)

Prepare: number of updated asset objects reloaded= 0
AssetImportParameters requested are different than current active one (requested -> active):
  custom:container-demuxer-ogg: 62fdf1f143b41e24485cea50d1cbac27 -> 
  custom:video-decoder-ogg-theora: a1e56fd34408186e4bbccfd4996cb3dc -> 
  custom:framework-win-MediaFoundation: 216162199b28c13a410421893ffa2e32 -> 
  custom:CustomObjectIndexerAttribute: 6d391050e5a25f67b0a2c618074f2cd9 -> 
  custom:container-demuxer-webm: 4f35f7cbe854078d1ac9338744f61a02 -> 
  custom:container-muxer-webm: aa71ff27fc2769a1b78a27578f13a17b -> 
  custom:video-decoder-webm-vp8: 9c59270c3fd7afecdb556c50c9e8de78 -> 
  custom:SearchIndexIgnoredProperties: e643bd26f0fe6173181afceb89e7c659 -> 
  custom:AudioImporter_EditorPlatform: d09bf68614088b80899f8185d706f6e7 -> 
  custom:video-encoder-webm-vp8: eb34c28f22e8b96e1ab97ce403110664 -> 
  custom:audio-decoder-ogg-vorbis: bf7c407c2cedff20999df2af8eb42d56 -> 
  custom:audio-encoder-webm-vorbis: bf7c407c2cedff20999df2af8eb42d56 -> 
========================================================================
Received Import Request.
  Time since last request: 523.788886 seconds.
  path: Assets/Platformer/Models/Mario/X Bot@Walking.fbx
  artifactKey: Guid(e4a3e65e07743ec49920b793e84beba4) Importer(815301076,1909f56bfc062723c751e8b465ee728b)
Start importing Assets/Platformer/Models/Mario/X Bot@Walking.fbx using Guid(e4a3e65e07743ec49920b793e84beba4) Importer(815301076,1909f56bfc062723c751e8b465ee728b)  -> (artifact id: '0e722c6652460647ed32a68d18b5153d') in 0.105786 seconds
Number of updated asset objects reloaded before import = 0
Number of asset objects unloaded after import = 147
========================================================================
Received Import Request.
  Time since last request: 179.698225 seconds.
  path: Assets/Platformer/Models/Mario/X Bot@Running(1).fbx
  artifactKey: Guid(70bc4e1df164da84a9d953813abe33f5) Importer(815301076,1909f56bfc062723c751e8b465ee728b)
Start importing Assets/Platformer/Models/Mario/X Bot@Running(1).fbx using Guid(70bc4e1df164da84a9d953813abe33f5) Importer(815301076,1909f56bfc062723c751e8b465ee728b)  -> (artifact id: '6d19ecb5cc4530c4729970546708ac1d') in 0.027938 seconds
Number of updated asset objects reloaded before import = 0
Number of asset objects unloaded after import = 145
========================================================================
Received Import Request.
  Time since last request: 0.436408 seconds.
  path: Assets/Platformer/Models/Mario/X Bot@Idle(1).fbx
  artifactKey: Guid(e8d4a16c238bd50409c2309c5986af98) Importer(815301076,1909f56bfc062723c751e8b465ee728b)
Start importing Assets/Platformer/Models/Mario/X Bot@Idle(1).fbx using Guid(e8d4a16c238bd50409c2309c5986af98) Importer(815301076,1909f56bfc062723c751e8b465ee728b)  -> (artifact id: '24e396a36bea8f71ae1a0fd9140b5b3d') in 0.027610 seconds
Number of updated asset objects reloaded before import = 0
Number of asset objects unloaded after import = 145
========================================================================
Received Import Request.
  Time since last request: 2.940317 seconds.
  path: Assets/Platformer/Models/Mario/X Bot@Walking(1).fbx
  artifactKey: Guid(4744bd8cf0276664daa7b28d94ce7928) Importer(815301076,1909f56bfc062723c751e8b465ee728b)
Start importing Assets/Platformer/Models/Mario/X Bot@Walking(1).fbx using Guid(4744bd8cf0276664daa7b28d94ce7928) Importer(815301076,1909f56bfc062723c751e8b465ee728b)  -> (artifact id: 'da3423cf9da4c70384471fd49e895e97') in 0.026883 seconds
Number of updated asset objects reloaded before import = 0
Number of asset objects unloaded after import = 145
========================================================================
Received Import Request.
  Time since last request: 4.741612 seconds.
  path: Assets/Platformer/Models/Mario/X Bot@Walking(1).fbx
  artifactKey: Guid(4744bd8cf0276664daa7b28d94ce7928) Importer(815301076,1909f56bfc062723c751e8b465ee728b)
Start importing Assets/Platformer/Models/Mario/X Bot@Walking(1).fbx using Guid(4744bd8cf0276664daa7b28d94ce7928) Importer(815301076,1909f56bfc062723c751e8b465ee728b)  -> (artifact id: '4023e1ee7104afb49d15edbbea5d5e2b') in 0.026104 seconds
Number of updated asset objects reloaded before import = 0
Number of asset objects unloaded after import = 147
========================================================================
Received Import Request.
  Time since last request: 3.544221 seconds.
  path: Assets/Platformer/Models/Mario/X Bot@Running(1).fbx
  artifactKey: Guid(70bc4e1df164da84a9d953813abe33f5) Importer(815301076,1909f56bfc062723c751e8b465ee728b)
Start importing Assets/Platformer/Models/Mario/X Bot@Running(1).fbx using Guid(70bc4e1df164da84a9d953813abe33f5) Importer(815301076,1909f56bfc062723c751e8b465ee728b)  -> (artifact id: 'b8bd1fac7d1c874a7da567d025b186d9') in 0.027330 seconds
Number of updated asset objects reloaded before import = 0
Number of asset objects unloaded after import = 147
========================================================================
Received Prepare
Begin MonoManager ReloadAssembly
- Loaded All Assemblies, in  0.341 seconds
Refreshing native plugins compatible for Editor in 2.97 ms, found 3 plugins.
Native extension for WindowsStandalone target not found
Native extension for WebGL target not found
[Package Manager] Server::EnsureServerProcessIsRunning -- launch failed, reason: Unity was launched with the -noUpm command-line argument
[Package Manager] UpmClient::Send -- Unable to send message (not connected to UPM process).
[Package Manager] Cannot connect to Unity Package Manager local server
Mono: successfully reloaded assembly
- Finished resetting the current domain, in  0.744 seconds
Domain Reload Profiling: 1083ms
	BeginReloadAssembly (125ms)
		ExecutionOrderSort (0ms)
		DisableScriptedObjects (3ms)
		BackupInstance (0ms)
		ReleaseScriptingObjects (0ms)
		CreateAndSetChildDomain (28ms)
	RebuildCommonClasses (24ms)
	RebuildNativeTypeToScriptingClass (8ms)
	initialDomainReloadingComplete (25ms)
	LoadAllAssembliesAndSetupDomain (155ms)
		LoadAssemblies (212ms)
		RebuildTransferFunctionScriptingTraits (0ms)
		AnalyzeDomain (10ms)
			TypeCache.Refresh (5ms)
				TypeCache.ScanAssembly (0ms)
			ScanForSourceGeneratedMonoScriptInfo (0ms)
			ResolveRequiredComponents (3ms)
	FinalizeReload (745ms)
		ReleaseScriptCaches (0ms)
		RebuildScriptCaches (0ms)
		SetupLoadedEditorAssemblies (322ms)
			LogAssemblyErrors (0ms)
			InitializePlatformSupportModulesInManaged (6ms)
			SetLoadedEditorAssemblies (3ms)
			RefreshPlugins (0ms)
			BeforeProcessingInitializeOnLoad (56ms)
			ProcessInitializeOnLoadAttributes (233ms)
			ProcessInitializeOnLoadMethodAttributes (17ms)
			AfterProcessingInitializeOnLoad (7ms)
			EditorAssembliesLoaded (0ms)
		ExecutionOrderSort2 (0ms)
		AwakeInstancesAfterBackupRestoration (7ms)
Refreshing native plugins compatible for Editor in 2.93 ms, found 3 plugins.
Preloading 0 native plugins for Editor in 0.00 ms.
Unloading 3087 Unused Serialized files (Serialized files now loaded: 0)
Unloading 30 unused Assets / (377.1 KB). Loaded Objects now: 3613.
Memory consumption went from 138.6 MB to 138.2 MB.
Total: 2.671600 ms (FindLiveObjects: 0.306800 ms CreateObjectMapping: 0.074300 ms MarkObjects: 2.067200 ms  DeleteObjects: 0.222300 ms)

Prepare: number of updated asset objects reloaded= 0
AssetImportParameters requested are different than current active one (requested -> active):
  custom:container-demuxer-ogg: 62fdf1f143b41e24485cea50d1cbac27 -> 
  custom:video-decoder-ogg-theora: a1e56fd34408186e4bbccfd4996cb3dc -> 
  custom:framework-win-MediaFoundation: 216162199b28c13a410421893ffa2e32 -> 
  custom:CustomObjectIndexerAttribute: 6d391050e5a25f67b0a2c618074f2cd9 -> 
  custom:container-demuxer-webm: 4f35f7cbe854078d1ac9338744f61a02 -> 
  custom:container-muxer-webm: aa71ff27fc2769a1b78a27578f13a17b -> 
  custom:video-decoder-webm-vp8: 9c59270c3fd7afecdb556c50c9e8de78 -> 
  custom:SearchIndexIgnoredProperties: e643bd26f0fe6173181afceb89e7c659 -> 
  custom:AudioImporter_EditorPlatform: d09bf68614088b80899f8185d706f6e7 -> 
  custom:video-encoder-webm-vp8: eb34c28f22e8b96e1ab97ce403110664 -> 
  custom:audio-decoder-ogg-vorbis: bf7c407c2cedff20999df2af8eb42d56 -> 
  custom:audio-encoder-webm-vorbis: bf7c407c2cedff20999df2af8eb42d56 -> 
========================================================================
Received Import Request.
  Time since last request: 73.123947 seconds.
  path: Assets/Platformer/Models/Mario/X Bot@Idle(1).fbx
  artifactKey: Guid(e8d4a16c238bd50409c2309c5986af98) Importer(815301076,1909f56bfc062723c751e8b465ee728b)
Start importing Assets/Platformer/Models/Mario/X Bot@Idle(1).fbx using Guid(e8d4a16c238bd50409c2309c5986af98) Importer(815301076,1909f56bfc062723c751e8b465ee728b)  -> (artifact id: 'eb4fc0302c207f180dc155908b226ae9') in 0.110800 seconds
Number of updated asset objects reloaded before import = 0
Number of asset objects unloaded after import = 147
========================================================================
Received Import Request.
  Time since last request: 14.018875 seconds.
  path: Assets/Platformer/Models/Mario/X Bot@Idle(1).fbx
  artifactKey: Guid(e8d4a16c238bd50409c2309c5986af98) Importer(815301076,1909f56bfc062723c751e8b465ee728b)
Start importing Assets/Platformer/Models/Mario/X Bot@Idle(1).fbx using Guid(e8d4a16c238bd50409c2309c5986af98) Importer(815301076,1909f56bfc062723c751e8b465ee728b)  -> (artifact id: '6b95311722abb08059b721c5e6fb01ad') in 0.033748 seconds
Number of updated asset objects reloaded before import = 0
Number of asset objects unloaded after import = 147
========================================================================
Received Import Request.
  Time since last request: 4.540250 seconds.
  path: Assets/Platformer/Models/Mario/X Bot@Running(1).fbx
  artifactKey: Guid(70bc4e1df164da84a9d953813abe33f5) Importer(815301076,1909f56bfc062723c751e8b465ee728b)
Start importing Assets/Platformer/Models/Mario/X Bot@Running(1).fbx using Guid(70bc4e1df164da84a9d953813abe33f5) Importer(815301076,1909f56bfc062723c751e8b465ee728b)  -> (artifact id: '7aa6172936cca06f58f21f533e7c1e89') in 0.026644 seconds
Number of updated asset objects reloaded before import = 0
Number of asset objects unloaded after import = 147
========================================================================
Received Import Request.
  Time since last request: 3.864879 seconds.
  path: Assets/Platformer/Models/Mario/X Bot@Walking(1).fbx
  artifactKey: Guid(4744bd8cf0276664daa7b28d94ce7928) Importer(815301076,1909f56bfc062723c751e8b465ee728b)
Start importing Assets/Platformer/Models/Mario/X Bot@Walking(1).fbx using Guid(4744bd8cf0276664daa7b28d94ce7928) Importer(815301076,1909f56bfc062723c751e8b465ee728b)  -> (artifact id: 'e7a389bec99e272cac9d09c4dc4bc43f') in 0.032992 seconds
Number of updated asset objects reloaded before import = 0
Number of asset objects unloaded after import = 147
========================================================================
Received Prepare
Begin MonoManager ReloadAssembly
- Loaded All Assemblies, in  0.353 seconds
Refreshing native plugins compatible for Editor in 3.14 ms, found 3 plugins.
Native extension for WindowsStandalone target not found
Native extension for WebGL target not found
[Package Manager] Server::EnsureServerProcessIsRunning -- launch failed, reason: Unity was launched with the -noUpm command-line argument
[Package Manager] UpmClient::Send -- Unable to send message (not connected to UPM process).
[Package Manager] Cannot connect to Unity Package Manager local server
Mono: successfully reloaded assembly
- Finished resetting the current domain, in  0.751 seconds
Domain Reload Profiling: 1102ms
	BeginReloadAssembly (127ms)
		ExecutionOrderSort (0ms)
		DisableScriptedObjects (4ms)
		BackupInstance (0ms)
		ReleaseScriptingObjects (0ms)
		CreateAndSetChildDomain (30ms)
	RebuildCommonClasses (26ms)
	RebuildNativeTypeToScriptingClass (8ms)
	initialDomainReloadingComplete (25ms)
	LoadAllAssembliesAndSetupDomain (165ms)
		LoadAssemblies (221ms)
		RebuildTransferFunctionScriptingTraits (0ms)
		AnalyzeDomain (10ms)
			TypeCache.Refresh (5ms)
				TypeCache.ScanAssembly (0ms)
			ScanForSourceGeneratedMonoScriptInfo (0ms)
			ResolveRequiredComponents (3ms)
	FinalizeReload (751ms)
		ReleaseScriptCaches (0ms)
		RebuildScriptCaches (0ms)
		SetupLoadedEditorAssemblies (324ms)
			LogAssemblyErrors (0ms)
			InitializePlatformSupportModulesInManaged (6ms)
			SetLoadedEditorAssemblies (3ms)
			RefreshPlugins (0ms)
			BeforeProcessingInitializeOnLoad (54ms)
			ProcessInitializeOnLoadAttributes (239ms)
			ProcessInitializeOnLoadMethodAttributes (15ms)
			AfterProcessingInitializeOnLoad (7ms)
			EditorAssembliesLoaded (0ms)
		ExecutionOrderSort2 (0ms)
		AwakeInstancesAfterBackupRestoration (7ms)
Refreshing native plugins compatible for Editor in 3.40 ms, found 3 plugins.
Preloading 0 native plugins for Editor in 0.00 ms.
Unloading 3087 Unused Serialized files (Serialized files now loaded: 0)
Unloading 30 unused Assets / (377.3 KB). Loaded Objects now: 3616.
Memory consumption went from 140.6 MB to 140.2 MB.
Total: 2.956900 ms (FindLiveObjects: 0.289500 ms CreateObjectMapping: 0.082400 ms MarkObjects: 2.354500 ms  DeleteObjects: 0.229900 ms)

Prepare: number of updated asset objects reloaded= 0
AssetImportParameters requested are different than current active one (requested -> active):
  custom:container-demuxer-ogg: 62fdf1f143b41e24485cea50d1cbac27 -> 
  custom:video-decoder-ogg-theora: a1e56fd34408186e4bbccfd4996cb3dc -> 
  custom:framework-win-MediaFoundation: 216162199b28c13a410421893ffa2e32 -> 
  custom:CustomObjectIndexerAttribute: 6d391050e5a25f67b0a2c618074f2cd9 -> 
  custom:container-demuxer-webm: 4f35f7cbe854078d1ac9338744f61a02 -> 
  custom:container-muxer-webm: aa71ff27fc2769a1b78a27578f13a17b -> 
  custom:video-decoder-webm-vp8: 9c59270c3fd7afecdb556c50c9e8de78 -> 
  custom:SearchIndexIgnoredProperties: e643bd26f0fe6173181afceb89e7c659 -> 
  custom:AudioImporter_EditorPlatform: d09bf68614088b80899f8185d706f6e7 -> 
  custom:video-encoder-webm-vp8: eb34c28f22e8b96e1ab97ce403110664 -> 
  custom:audio-decoder-ogg-vorbis: bf7c407c2cedff20999df2af8eb42d56 -> 
  custom:audio-encoder-webm-vorbis: bf7c407c2cedff20999df2af8eb42d56 -> 
========================================================================
Received Import Request.
  Time since last request: 193.364936 seconds.
  path: Assets/Platformer/Models/Mario/X Bot@Walking(2).fbx
  artifactKey: Guid(371a79a006ffe3242bee3633d9f47c10) Importer(815301076,1909f56bfc062723c751e8b465ee728b)
Start importing Assets/Platformer/Models/Mario/X Bot@Walking(2).fbx using Guid(371a79a006ffe3242bee3633d9f47c10) Importer(815301076,1909f56bfc062723c751e8b465ee728b)  -> (artifact id: '4685422966b23b04b56e700aa46e6232') in 0.136948 seconds
Number of updated asset objects reloaded before import = 0
Number of asset objects unloaded after import = 145
========================================================================
Received Import Request.
  Time since last request: 4.657204 seconds.
  path: Assets/Platformer/Models/Mario/X Bot@Walking(2).fbx
  artifactKey: Guid(371a79a006ffe3242bee3633d9f47c10) Importer(815301076,1909f56bfc062723c751e8b465ee728b)
Start importing Assets/Platformer/Models/Mario/X Bot@Walking(2).fbx using Guid(371a79a006ffe3242bee3633d9f47c10) Importer(815301076,1909f56bfc062723c751e8b465ee728b)  -> (artifact id: 'a6d9dd209a257e793c9d5a8f0af849af') in 0.136964 seconds
Number of updated asset objects reloaded before import = 0
Number of asset objects unloaded after import = 147
========================================================================
Received Import Request.
  Time since last request: 5.140196 seconds.
  path: Assets/Platformer/Models/Mario/X Bot@Walking(2).fbx
  artifactKey: Guid(371a79a006ffe3242bee3633d9f47c10) Importer(815301076,1909f56bfc062723c751e8b465ee728b)
Start importing Assets/Platformer/Models/Mario/X Bot@Walking(2).fbx using Guid(371a79a006ffe3242bee3633d9f47c10) Importer(815301076,1909f56bfc062723c751e8b465ee728b)  -> (artifact id: '4c094a905ec68f0dd70e82ef7ff81257') in 0.033956 seconds
Number of updated asset objects reloaded before import = 0
Number of asset objects unloaded after import = 147
========================================================================
Received Prepare
Begin MonoManager ReloadAssembly
- Loaded All Assemblies, in  0.349 seconds
Refreshing native plugins compatible for Editor in 3.28 ms, found 3 plugins.
Native extension for WindowsStandalone target not found
Native extension for WebGL target not found
[Package Manager] Server::EnsureServerProcessIsRunning -- launch failed, reason: Unity was launched with the -noUpm command-line argument
[Package Manager] UpmClient::Send -- Unable to send message (not connected to UPM process).
[Package Manager] Cannot connect to Unity Package Manager local server
Mono: successfully reloaded assembly
- Finished resetting the current domain, in  0.748 seconds
Domain Reload Profiling: 1094ms
	BeginReloadAssembly (126ms)
		ExecutionOrderSort (0ms)
		DisableScriptedObjects (4ms)
		BackupInstance (0ms)
		ReleaseScriptingObjects (0ms)
		CreateAndSetChildDomain (30ms)
	RebuildCommonClasses (24ms)
	RebuildNativeTypeToScriptingClass (8ms)
	initialDomainReloadingComplete (24ms)
	LoadAllAssembliesAndSetupDomain (164ms)
		LoadAssemblies (220ms)
		RebuildTransferFunctionScriptingTraits (0ms)
		AnalyzeDomain (9ms)
			TypeCache.Refresh (5ms)
				TypeCache.ScanAssembly (0ms)
			ScanForSourceGeneratedMonoScriptInfo (0ms)
			ResolveRequiredComponents (3ms)
	FinalizeReload (748ms)
		ReleaseScriptCaches (0ms)
		RebuildScriptCaches (0ms)
		SetupLoadedEditorAssemblies (325ms)
			LogAssemblyErrors (0ms)
			InitializePlatformSupportModulesInManaged (7ms)
			SetLoadedEditorAssemblies (4ms)
			RefreshPlugins (0ms)
			BeforeProcessingInitializeOnLoad (52ms)
			ProcessInitializeOnLoadAttributes (237ms)
			ProcessInitializeOnLoadMethodAttributes (18ms)
			AfterProcessingInitializeOnLoad (7ms)
			EditorAssembliesLoaded (0ms)
		ExecutionOrderSort2 (0ms)
		AwakeInstancesAfterBackupRestoration (7ms)
Refreshing native plugins compatible for Editor in 3.25 ms, found 3 plugins.
Preloading 0 native plugins for Editor in 0.00 ms.
Unloading 3087 Unused Serialized files (Serialized files now loaded: 0)
Unloading 30 unused Assets / (385.4 KB). Loaded Objects now: 3619.
Memory consumption went from 142.5 MB to 142.1 MB.
Total: 2.765400 ms (FindLiveObjects: 0.234800 ms CreateObjectMapping: 0.085700 ms MarkObjects: 2.240100 ms  DeleteObjects: 0.204200 ms)

Prepare: number of updated asset objects reloaded= 0
AssetImportParameters requested are different than current active one (requested -> active):
  custom:container-demuxer-ogg: 62fdf1f143b41e24485cea50d1cbac27 -> 
  custom:video-decoder-ogg-theora: a1e56fd34408186e4bbccfd4996cb3dc -> 
  custom:framework-win-MediaFoundation: 216162199b28c13a410421893ffa2e32 -> 
  custom:CustomObjectIndexerAttribute: 6d391050e5a25f67b0a2c618074f2cd9 -> 
  custom:container-demuxer-webm: 4f35f7cbe854078d1ac9338744f61a02 -> 
  custom:container-muxer-webm: aa71ff27fc2769a1b78a27578f13a17b -> 
  custom:video-decoder-webm-vp8: 9c59270c3fd7afecdb556c50c9e8de78 -> 
  custom:SearchIndexIgnoredProperties: e643bd26f0fe6173181afceb89e7c659 -> 
  custom:AudioImporter_EditorPlatform: d09bf68614088b80899f8185d706f6e7 -> 
  custom:video-encoder-webm-vp8: eb34c28f22e8b96e1ab97ce403110664 -> 
  custom:audio-decoder-ogg-vorbis: bf7c407c2cedff20999df2af8eb42d56 -> 
  custom:audio-encoder-webm-vorbis: bf7c407c2cedff20999df2af8eb42d56 -> 
========================================================================
Received Import Request.
  Time since last request: 483.291772 seconds.
  path: Assets/Platformer/Scripts/PlayerMovementHandler.cs
  artifactKey: Guid(779c7d0411060054da39b87e8a2991a3) Importer(815301076,1909f56bfc062723c751e8b465ee728b)
Start importing Assets/Platformer/Scripts/PlayerMovementHandler.cs using Guid(779c7d0411060054da39b87e8a2991a3) Importer(815301076,1909f56bfc062723c751e8b465ee728b)  -> (artifact id: '7a24793b88794a974bd403c015b546e5') in 0.002400 seconds
Number of updated asset objects reloaded before import = 0
Number of asset objects unloaded after import = 0
========================================================================
Received Prepare
Begin MonoManager ReloadAssembly
- Loaded All Assemblies, in  0.429 seconds
Refreshing native plugins compatible for Editor in 5.32 ms, found 3 plugins.
Native extension for WindowsStandalone target not found
Native extension for WebGL target not found
[Package Manager] Server::EnsureServerProcessIsRunning -- launch failed, reason: Unity was launched with the -noUpm command-line argument
[Package Manager] UpmClient::Send -- Unable to send message (not connected to UPM process).
[Package Manager] Cannot connect to Unity Package Manager local server
Mono: successfully reloaded assembly
- Finished resetting the current domain, in  0.832 seconds
Domain Reload Profiling: 1258ms
	BeginReloadAssembly (137ms)
		ExecutionOrderSort (0ms)
		DisableScriptedObjects (4ms)
		BackupInstance (0ms)
		ReleaseScriptingObjects (0ms)
		CreateAndSetChildDomain (28ms)
	RebuildCommonClasses (35ms)
	RebuildNativeTypeToScriptingClass (10ms)
	initialDomainReloadingComplete (44ms)
	LoadAllAssembliesAndSetupDomain (200ms)
		LoadAssemblies (258ms)
		RebuildTransferFunctionScriptingTraits (0ms)
		AnalyzeDomain (20ms)
			TypeCache.Refresh (7ms)
				TypeCache.ScanAssembly (0ms)
			ScanForSourceGeneratedMonoScriptInfo (7ms)
			ResolveRequiredComponents (4ms)
	FinalizeReload (833ms)
		ReleaseScriptCaches (0ms)
		RebuildScriptCaches (0ms)
		SetupLoadedEditorAssemblies (295ms)
			LogAssemblyErrors (0ms)
			InitializePlatformSupportModulesInManaged (6ms)
			SetLoadedEditorAssemblies (4ms)
			RefreshPlugins (0ms)
			BeforeProcessingInitializeOnLoad (52ms)
			ProcessInitializeOnLoadAttributes (214ms)
			ProcessInitializeOnLoadMethodAttributes (14ms)
			AfterProcessingInitializeOnLoad (6ms)
			EditorAssembliesLoaded (0ms)
		ExecutionOrderSort2 (0ms)
		AwakeInstancesAfterBackupRestoration (6ms)
Refreshing native plugins compatible for Editor in 3.25 ms, found 3 plugins.
Preloading 0 native plugins for Editor in 0.00 ms.
Unloading 3088 Unused Serialized files (Serialized files now loaded: 0)
Unloading 30 unused Assets / (385.6 KB). Loaded Objects now: 3623.
Memory consumption went from 144.5 MB to 144.1 MB.
Total: 2.557900 ms (FindLiveObjects: 0.258900 ms CreateObjectMapping: 0.088000 ms MarkObjects: 2.002200 ms  DeleteObjects: 0.207400 ms)

Prepare: number of updated asset objects reloaded= 0
AssetImportParameters requested are different than current active one (requested -> active):
  custom:container-demuxer-ogg: 62fdf1f143b41e24485cea50d1cbac27 -> 
  custom:video-decoder-ogg-theora: a1e56fd34408186e4bbccfd4996cb3dc -> 
  custom:framework-win-MediaFoundation: 216162199b28c13a410421893ffa2e32 -> 
  custom:CustomObjectIndexerAttribute: 6d391050e5a25f67b0a2c618074f2cd9 -> 
  custom:container-demuxer-webm: 4f35f7cbe854078d1ac9338744f61a02 -> 
  custom:container-muxer-webm: aa71ff27fc2769a1b78a27578f13a17b -> 
  custom:video-decoder-webm-vp8: 9c59270c3fd7afecdb556c50c9e8de78 -> 
  custom:SearchIndexIgnoredProperties: e643bd26f0fe6173181afceb89e7c659 -> 
  custom:AudioImporter_EditorPlatform: d09bf68614088b80899f8185d706f6e7 -> 
  custom:video-encoder-webm-vp8: eb34c28f22e8b96e1ab97ce403110664 -> 
  custom:audio-decoder-ogg-vorbis: bf7c407c2cedff20999df2af8eb42d56 -> 
  custom:audio-encoder-webm-vorbis: bf7c407c2cedff20999df2af8eb42d56 -> 
========================================================================
Received Import Request.
  Time since last request: 7.404317 seconds.
  path: Assets/Platformer/Scripts/PlayerMovementHandler.cs
  artifactKey: Guid(779c7d0411060054da39b87e8a2991a3) Importer(815301076,1909f56bfc062723c751e8b465ee728b)
Start importing Assets/Platformer/Scripts/PlayerMovementHandler.cs using Guid(779c7d0411060054da39b87e8a2991a3) Importer(815301076,1909f56bfc062723c751e8b465ee728b)  -> (artifact id: '6f41a5fbf90bc5d5986286fc4dcb84c8') in 0.002025 seconds
Number of updated asset objects reloaded before import = 0
Number of asset objects unloaded after import = 0
